Determining if the function IceConnectionNumber exists in the ICE failed with the following output:
Change Dir: /Users/brendanmulcahey/Library/Mobile Documents/com~apple~CloudDocs/Self Learning/RayTracerClean/UCSDRayTracer/xcode/CMakeFiles/CMakeTmp

Run Build Command(s):/usr/bin/xcodebuild -project CMAKE_TRY_COMPILE.xcodeproj build -target cmTC_bf10c -parallelizeTargets -configuration Debug -hideShellScriptEnvironment && 2023-07-07 16:59:53.437 xcodebuild[67739:6568359] DVTCoreDeviceEnabledState: DVTCoreDeviceEnabledState_Disabled set via user default (DVTEnableCoreDevice=disabled)
Command line invocation:
    /Applications/Xcode.app/Contents/Developer/usr/bin/xcodebuild -project CMAKE_TRY_COMPILE.xcodeproj build -target cmTC_bf10c -parallelizeTargets -configuration Debug -hideShellScriptEnvironment

User defaults from command line:
    HideShellScriptEnvironment = YES
    IDEPackageSupportUseBuiltinSCM = YES

Computing target dependency graph and provisioning inputs

Create build description
Build description signature: 24e90fc0f55b89b998807738eaf95b38
Build description path: /Users/brendanmulcahey/Library/Mobile Documents/com~apple~CloudDocs/Self Learning/RayTracerClean/UCSDRayTracer/xcode/CMakeFiles/CMakeTmp/build/XCBuildData/24e90fc0f55b89b998807738eaf95b38.xcbuilddata

note: Building targets in dependency order
CreateBuildDirectory /Users/brendanmulcahey/Library/Mobile\ Documents/com~apple~CloudDocs/Self\ Learning/RayTracerClean/UCSDRayTracer/xcode/CMakeFiles/CMakeTmp
    cd /Users/brendanmulcahey/Library/Mobile\ Documents/com\~apple\~CloudDocs/Self\ Learning/RayTracerClean/UCSDRayTracer/xcode/CMakeFiles/CMakeTmp/CMAKE_TRY_COMPILE.xcodeproj
    builtin-create-build-directory /Users/brendanmulcahey/Library/Mobile\ Documents/com\~apple\~CloudDocs/Self\ Learning/RayTracerClean/UCSDRayTracer/xcode/CMakeFiles/CMakeTmp

ClangStatCache /Applications/Xcode.app/Contents/Developer/Toolchains/XcodeDefault.xctoolchain/usr/bin/clang-stat-cache /Applications/Xcode.app/Contents/Developer/Platforms/MacOSX.platform/Developer/SDKs/MacOSX13.3.sdk /var/folders/yp/8zy4xr_j3fs263bhhg92yz540000gn/C/com.apple.DeveloperTools/14.3.1-14E300c/Xcode/SDKStatCaches.noindex/macosx13.3-22E245-.sdkstatcache
    cd /Users/brendanmulcahey/Library/Mobile\ Documents/com\~apple\~CloudDocs/Self\ Learning/RayTracerClean/UCSDRayTracer/xcode/CMakeFiles/CMakeTmp/CMAKE_TRY_COMPILE.xcodeproj
    /Applications/Xcode.app/Contents/Developer/Toolchains/XcodeDefault.xctoolchain/usr/bin/clang-stat-cache /Applications/Xcode.app/Contents/Developer/Platforms/MacOSX.platform/Developer/SDKs/MacOSX13.3.sdk -o /var/folders/yp/8zy4xr_j3fs263bhhg92yz540000gn/C/com.apple.DeveloperTools/14.3.1-14E300c/Xcode/SDKStatCaches.noindex/macosx13.3-22E245-.sdkstatcache

CreateBuildDirectory /Users/brendanmulcahey/Library/Mobile\ Documents/com~apple~CloudDocs/Self\ Learning/RayTracerClean/UCSDRayTracer/xcode/CMakeFiles/CMakeTmp/Debug
    cd /Users/brendanmulcahey/Library/Mobile\ Documents/com\~apple\~CloudDocs/Self\ Learning/RayTracerClean/UCSDRayTracer/xcode/CMakeFiles/CMakeTmp/CMAKE_TRY_COMPILE.xcodeproj
    builtin-create-build-directory /Users/brendanmulcahey/Library/Mobile\ Documents/com\~apple\~CloudDocs/Self\ Learning/RayTracerClean/UCSDRayTracer/xcode/CMakeFiles/CMakeTmp/Debug

CreateBuildDirectory /Users/brendanmulcahey/Library/Mobile\ Documents/com~apple~CloudDocs/Self\ Learning/RayTracerClean/UCSDRayTracer/xcode/CMakeFiles/CMakeTmp/EagerLinkingTBDs/Debug
    cd /Users/brendanmulcahey/Library/Mobile\ Documents/com\~apple\~CloudDocs/Self\ Learning/RayTracerClean/UCSDRayTracer/xcode/CMakeFiles/CMakeTmp/CMAKE_TRY_COMPILE.xcodeproj
    builtin-create-build-directory /Users/brendanmulcahey/Library/Mobile\ Documents/com\~apple\~CloudDocs/Self\ Learning/RayTracerClean/UCSDRayTracer/xcode/CMakeFiles/CMakeTmp/EagerLinkingTBDs/Debug

WriteAuxiliaryFile /Users/brendanmulcahey/Library/Mobile\ Documents/com~apple~CloudDocs/Self\ Learning/RayTracerClean/UCSDRayTracer/xcode/CMakeFiles/CMakeTmp/CMAKE_TRY_COMPILE.build/Debug/cmTC_bf10c.build/Objects-normal/arm64/cmTC_bf10c.LinkFileList (in target 'cmTC_bf10c' from project 'CMAKE_TRY_COMPILE')
    cd /Users/brendanmulcahey/Library/Mobile\ Documents/com\~apple\~CloudDocs/Self\ Learning/RayTracerClean/UCSDRayTracer/xcode/CMakeFiles/CMakeTmp
    write-file /Users/brendanmulcahey/Library/Mobile\ Documents/com\~apple\~CloudDocs/Self\ Learning/RayTracerClean/UCSDRayTracer/xcode/CMakeFiles/CMakeTmp/CMAKE_TRY_COMPILE.build/Debug/cmTC_bf10c.build/Objects-normal/arm64/cmTC_bf10c.LinkFileList

CompileC /Users/brendanmulcahey/Library/Mobile\ Documents/com~apple~CloudDocs/Self\ Learning/RayTracerClean/UCSDRayTracer/xcode/CMakeFiles/CMakeTmp/CMAKE_TRY_COMPILE.build/Debug/cmTC_bf10c.build/Objects-normal/arm64/CheckFunctionExists.o /opt/homebrew/Cellar/cmake/3.24.2/share/cmake/Modules/CheckFunctionExists.c normal arm64 c com.apple.compilers.llvm.clang.1_0.compiler (in target 'cmTC_bf10c' from project 'CMAKE_TRY_COMPILE')
    cd /Users/brendanmulcahey/Library/Mobile\ Documents/com\~apple\~CloudDocs/Self\ Learning/RayTracerClean/UCSDRayTracer/xcode/CMakeFiles/CMakeTmp
    /Applications/Xcode.app/Contents/Developer/Toolchains/XcodeDefault.xctoolchain/usr/bin/clang -x c -ivfsstatcache /var/folders/yp/8zy4xr_j3fs263bhhg92yz540000gn/C/com.apple.DeveloperTools/14.3.1-14E300c/Xcode/SDKStatCaches.noindex/macosx13.3-22E245-.sdkstatcache -target arm64-apple-macos13.3 -fmessage-length\=0 -fdiagnostics-show-note-include-stack -fmacro-backtrace-limit\=0 -Wno-trigraphs -fpascal-strings -O0 -Wno-missing-field-initializers -Wno-missing-prototypes -Wno-return-type -Wno-missing-braces -Wparentheses -Wswitch -Wno-unused-function -Wno-unused-label -Wno-unused-parameter -Wno-unused-variable -Wunused-value -Wno-empty-body -Wno-uninitialized -Wno-unknown-pragmas -Wno-shadow -Wno-four-char-constants -Wno-conversion -Wno-constant-conversion -Wno-int-conversion -Wno-bool-conversion -Wno-enum-conversion -Wno-float-conversion -Wno-non-literal-null-conversion -Wno-objc-literal-conversion -Wshorten-64-to-32 -Wpointer-sign -Wno-newline-eof -Wno-implicit-fallthrough -DCMAKE_INTDIR\=\"Debug\" -isysroot /Applications/Xcode.app/Contents/Developer/Platforms/MacOSX.platform/Developer/SDKs/MacOSX13.3.sdk -fstrict-aliasing -Wdeprecated-declarations -g -Wno-sign-conversion -Wno-infinite-recursion -Wno-comma -Wno-block-capture-autoreleasing -Wno-strict-prototypes -Wno-semicolon-before-method-body -I/Users/brendanmulcahey/Library/Mobile\ Documents/com\~apple\~CloudDocs/Self\ Learning/RayTracerClean/UCSDRayTracer/xcode/CMakeFiles/CMakeTmp/Debug/include -I/Users/brendanmulcahey/Library/Mobile\ Documents/com\~apple\~CloudDocs/Self\ Learning/RayTracerClean/UCSDRayTracer/xcode/CMakeFiles/CMakeTmp/CMAKE_TRY_COMPILE.build/Debug/cmTC_bf10c.build/DerivedSources-normal/arm64 -I/Users/brendanmulcahey/Library/Mobile\ Documents/com\~apple\~CloudDocs/Self\ Learning/RayTracerClean/UCSDRayTracer/xcode/CMakeFiles/CMakeTmp/CMAKE_TRY_COMPILE.build/Debug/cmTC_bf10c.build/DerivedSources/arm64 -I/Users/brendanmulcahey/Library/Mobile\ Documents/com\~apple\~CloudDocs/Self\ Learning/RayTracerClean/UCSDRayTracer/xcode/CMakeFiles/CMakeTmp/CMAKE_TRY_COMPILE.build/Debug/cmTC_bf10c.build/DerivedSources -F/Users/brendanmulcahey/Library/Mobile\ Documents/com\~apple\~CloudDocs/Self\ Learning/RayTracerClean/UCSDRayTracer/xcode/CMakeFiles/CMakeTmp/Debug -DCHECK_FUNCTION_EXISTS\=IceConnectionNumber -MMD -MT dependencies -MF /Users/brendanmulcahey/Library/Mobile\ Documents/com\~apple\~CloudDocs/Self\ Learning/RayTracerClean/UCSDRayTracer/xcode/CMakeFiles/CMakeTmp/CMAKE_TRY_COMPILE.build/Debug/cmTC_bf10c.build/Objects-normal/arm64/CheckFunctionExists.d --serialize-diagnostics /Users/brendanmulcahey/Library/Mobile\ Documents/com\~apple\~CloudDocs/Self\ Learning/RayTracerClean/UCSDRayTracer/xcode/CMakeFiles/CMakeTmp/CMAKE_TRY_COMPILE.build/Debug/cmTC_bf10c.build/Objects-normal/arm64/CheckFunctionExists.dia -c /opt/homebrew/Cellar/cmake/3.24.2/share/cmake/Modules/CheckFunctionExists.c -o /Users/brendanmulcahey/Library/Mobile\ Documents/com\~apple\~CloudDocs/Self\ Learning/RayTracerClean/UCSDRayTracer/xcode/CMakeFiles/CMakeTmp/CMAKE_TRY_COMPILE.build/Debug/cmTC_bf10c.build/Objects-normal/arm64/CheckFunctionExists.o

Ld /Users/brendanmulcahey/Library/Mobile\ Documents/com~apple~CloudDocs/Self\ Learning/RayTracerClean/UCSDRayTracer/xcode/CMakeFiles/CMakeTmp/Debug/cmTC_bf10c normal (in target 'cmTC_bf10c' from project 'CMAKE_TRY_COMPILE')
    cd /Users/brendanmulcahey/Library/Mobile\ Documents/com\~apple\~CloudDocs/Self\ Learning/RayTracerClean/UCSDRayTracer/xcode/CMakeFiles/CMakeTmp
    /Applications/Xcode.app/Contents/Developer/Toolchains/XcodeDefault.xctoolchain/usr/bin/clang -Xlinker -reproducible -target arm64-apple-macos13.3 -isysroot /Applications/Xcode.app/Contents/Developer/Platforms/MacOSX.platform/Developer/SDKs/MacOSX13.3.sdk -L/Users/brendanmulcahey/Library/Mobile\ Documents/com\~apple\~CloudDocs/Self\ Learning/RayTracerClean/UCSDRayTracer/xcode/CMakeFiles/CMakeTmp/EagerLinkingTBDs/Debug -L/Users/brendanmulcahey/Library/Mobile\ Documents/com\~apple\~CloudDocs/Self\ Learning/RayTracerClean/UCSDRayTracer/xcode/CMakeFiles/CMakeTmp/Debug -L/opt/homebrew/lib/Debug -L/opt/homebrew/lib -F/Users/brendanmulcahey/Library/Mobile\ Documents/com\~apple\~CloudDocs/Self\ Learning/RayTracerClean/UCSDRayTracer/xcode/CMakeFiles/CMakeTmp/EagerLinkingTBDs/Debug -F/Users/brendanmulcahey/Library/Mobile\ Documents/com\~apple\~CloudDocs/Self\ Learning/RayTracerClean/UCSDRayTracer/xcode/CMakeFiles/CMakeTmp/Debug -filelist /Users/brendanmulcahey/Library/Mobile\ Documents/com\~apple\~CloudDocs/Self\ Learning/RayTracerClean/UCSDRayTracer/xcode/CMakeFiles/CMakeTmp/CMAKE_TRY_COMPILE.build/Debug/cmTC_bf10c.build/Objects-normal/arm64/cmTC_bf10c.LinkFileList -Xlinker -rpath -Xlinker /opt/homebrew/lib -Xlinker -object_path_lto -Xlinker /Users/brendanmulcahey/Library/Mobile\ Documents/com\~apple\~CloudDocs/Self\ Learning/RayTracerClean/UCSDRayTracer/xcode/CMakeFiles/CMakeTmp/CMAKE_TRY_COMPILE.build/Debug/cmTC_bf10c.build/Objects-normal/arm64/cmTC_bf10c_lto.o -Xlinker -no_deduplicate -Wl,-search_paths_first -Wl,-headerpad_max_install_names -lICE -Xlinker -dependency_info -Xlinker /Users/brendanmulcahey/Library/Mobile\ Documents/com\~apple\~CloudDocs/Self\ Learning/RayTracerClean/UCSDRayTracer/xcode/CMakeFiles/CMakeTmp/CMAKE_TRY_COMPILE.build/Debug/cmTC_bf10c.build/Objects-normal/arm64/cmTC_bf10c_dependency_info.dat -o /Users/brendanmulcahey/Library/Mobile\ Documents/com\~apple\~CloudDocs/Self\ Learning/RayTracerClean/UCSDRayTracer/xcode/CMakeFiles/CMakeTmp/Debug/cmTC_bf10c
ld: warning: directory not found for option '-L/opt/homebrew/lib/Debug'
ld: library not found for -lICE
clang: error: linker command failed with exit code 1 (use -v to see invocation)

** BUILD FAILED **


The following build commands failed:
	Ld /Users/brendanmulcahey/Library/Mobile\ Documents/com~apple~CloudDocs/Self\ Learning/RayTracerClean/UCSDRayTracer/xcode/CMakeFiles/CMakeTmp/Debug/cmTC_bf10c normal (in target 'cmTC_bf10c' from project 'CMAKE_TRY_COMPILE')
(1 failure)



